Add Component: Footprint Not Found CAP 0603_1608
Add Component: Footprint Not Found CAP 0603_1608
Add Component: Footprint Not Found CAP 0603_1608
Add Component: Footprint Not Found CAP 0603_1608
Add Component: Footprint Not Found CAP 0603_1608
Add Component: Footprint Not Found CAP 0603_1608
Add Component: Footprint Not Found CAP 0603_1608
Add Component: Footprint Not Found SOT50P160X60-6N
Added Component: Designator=J1(VALCON_CSP-USC16-TR)
Add component (AddParameter): Name = "Availability"; Value = "In Stock"; VariantName = "[No Variations]"
Add component (AddParameter): Name = "Check_prices"; Value = "https://www.snapeda.com/parts/CSP-USC16-TR/Valcon/view-part/?ref=eda"; VariantName = "[No Variations]"
Add component (AddParameter): Name = "MF"; Value = "Valcon"; VariantName = "[No Variations]"
Add component (AddParameter): Name = "MP"; Value = "CSP-USC16-TR"; VariantName = "[No Variations]"
Add component (AddParameter): Name = "Package"; Value = "None"; VariantName = "[No Variations]"
Add component (AddParameter): Name = "Price"; Value = "None"; VariantName = "[No Variations]"
Add component (AddParameter): Name = "Purchase-URL"; Value = "https://pricing.snapeda.com/search/part/CSP-USC16-TR/?ref=eda"; VariantName = "[No Variations]"
Add component (AddParameter): Name = "SnapEDA_Link"; Value = "https://www.snapeda.com/parts/CSP-USC16-TR/Valcon/view-part/?ref=snap"; VariantName = "[No Variations]"
Add component (AddParameter): Name = "Value"; Value = ""; VariantName = "[No Variations]"
Add Component: Footprint Not Found JST_S2B-PH-K-S(LF)(SN)
Add Component: Footprint Not Found RES 0603_1608
Add Component: Footprint Not Found RES 0603_1608
Add Component: Footprint Not Found RES 0603_1608
Add Component: Footprint Not Found RES 0603_1608
Add Component: Footprint Not Found RES 0603_1608
Add Component: Footprint Not Found RES 0603_1608
Add Component: Footprint Not Found RES 0603_1608
Add Component: Footprint Not Found RES 0603_1608
Add Component: Footprint Not Found TestPoint
Add Component: Footprint Not Found TestPoint
Add Component: Footprint Not Found TestPoint
Add Component: Footprint Not Found TestPoint
Add Component: Footprint Not Found TestPoint
Added Component: Designator=U1(QFN50P300X300X100-17N)
Add component (AddParameter): Name = "Availability"; Value = "Unavailable"; VariantName = "[No Variations]"
Add component (AddParameter): Name = "MF"; Value = ""; VariantName = "[No Variations]"
Add component (AddParameter): Name = "MP"; Value = "BQ24075RGTR"; VariantName = "[No Variations]"
Add component (AddParameter): Name = "Package"; Value = "None"; VariantName = "[No Variations]"
Add component (AddParameter): Name = "Price"; Value = "None"; VariantName = "[No Variations]"
Add component (AddParameter): Name = "Value"; Value = ""; VariantName = "[No Variations]"
Added Component: Designator=U3(SON50P200X200X80-9N)
Add component (AddParameter): Name = "Availability"; Value = "Unavailable"; VariantName = "[No Variations]"
Add component (AddParameter): Name = "MF"; Value = "Maxim Integrated"; VariantName = "[No Variations]"
Add component (AddParameter): Name = "MP"; Value = "MAX17048G+"; VariantName = "[No Variations]"
Add component (AddParameter): Name = "Package"; Value = "TDFN-8 Maxim"; VariantName = "[No Variations]"
Add component (AddParameter): Name = "Price"; Value = "None"; VariantName = "[No Variations]"
Add component (AddParameter): Name = "SnapEDA_Link"; Value = "https://www.snapeda.com/parts/MAX17048G%2B/Maxim%20Integrated/view-part/295942/?ref=snap"; VariantName = "[No Variations]"
Add component (AddParameter): Name = "Value"; Value = ""; VariantName = "[No Variations]"
Add Pin To Net: Unknown Pin: Pin C1-1
Add Pin To Net: Unknown Pin: Pin C1-2
Add Pin To Net: Unknown Pin: Pin C2-1
Add Pin To Net: Unknown Pin: Pin C2-2
Add Pin To Net: Unknown Pin: Pin C3-1
Add Pin To Net: Unknown Pin: Pin C3-2
Add Pin To Net: Unknown Pin: Pin C4-1
Add Pin To Net: Unknown Pin: Pin C4-2
Add Pin To Net: Unknown Pin: Pin C5-1
Add Pin To Net: Unknown Pin: Pin C5-2
Add Pin To Net: Unknown Pin: Pin C6-1
Add Pin To Net: Unknown Pin: Pin C6-2
Add Pin To Net: Unknown Pin: Pin C7-1
Add Pin To Net: Unknown Pin: Pin C7-2
Add Pin To Net: Unknown Pin: Pin D1-1
Add Pin To Net: Unknown Pin: Pin D1-2
Add Pin To Net: Unknown Pin: Pin D1-3
Add Pin To Net: Unknown Pin: Pin D1-4
Add Pin To Net: Unknown Pin: Pin D1-5
Add Pin To Net: Unknown Pin: Pin D1-6
Added Pin To Net: NetName=GND Pin=J1-A1
Added Pin To Net: NetName=VBUS Pin=J1-A4
Added Pin To Net: NetName=NetJ1_A5 Pin=J1-A5
Added Pin To Net: NetName=USB_P Pin=J1-A6
Added Pin To Net: NetName=USB_N Pin=J1-A7
Added Pin To Net: NetName=VBUS Pin=J1-A9
Added Pin To Net: NetName=GND Pin=J1-A12
Added Pin To Net: NetName=GND Pin=J1-B1
Added Pin To Net: NetName=VBUS Pin=J1-B4
Added Pin To Net: NetName=NetJ1_B5 Pin=J1-B5
Added Pin To Net: NetName=USB_P Pin=J1-B6
Added Pin To Net: NetName=USB_N Pin=J1-B7
Added Pin To Net: NetName=VBUS Pin=J1-B9
Added Pin To Net: NetName=GND Pin=J1-B12
Added Pin To Net: NetName=GND Pin=J1-S1
Added Pin To Net: NetName=GND Pin=J1-S2
Added Pin To Net: NetName=GND Pin=J1-S3
Added Pin To Net: NetName=GND Pin=J1-S4
Add Pin To Net: Unknown Pin: Pin J2-1
Add Pin To Net: Unknown Pin: Pin J2-2
Add Pin To Net: Unknown Pin: Pin R1-1
Add Pin To Net: Unknown Pin: Pin R1-2
Add Pin To Net: Unknown Pin: Pin R2-1
Add Pin To Net: Unknown Pin: Pin R2-2
Add Pin To Net: Unknown Pin: Pin R3-1
Add Pin To Net: Unknown Pin: Pin R3-2
Add Pin To Net: Unknown Pin: Pin R4-1
Add Pin To Net: Unknown Pin: Pin R4-2
Add Pin To Net: Unknown Pin: Pin R5-1
Add Pin To Net: Unknown Pin: Pin R5-2
Add Pin To Net: Unknown Pin: Pin R6-1
Add Pin To Net: Unknown Pin: Pin R6-2
Add Pin To Net: Unknown Pin: Pin R7-1
Add Pin To Net: Unknown Pin: Pin R7-2
Add Pin To Net: Unknown Pin: Pin R8-1
Add Pin To Net: Unknown Pin: Pin R8-2
Add Pin To Net: Unknown Pin: Pin TP1-1
Add Pin To Net: Unknown Pin: Pin TP2-1
Add Pin To Net: Unknown Pin: Pin TP3-1
Add Pin To Net: Unknown Pin: Pin TP4-1
Add Pin To Net: Unknown Pin: Pin TP5-1
Added Pin To Net: NetName=NetR5_2 Pin=U1-1
Added Pin To Net: NetName=VBAT Pin=U1-2
Added Pin To Net: NetName=VBAT Pin=U1-3
Added Pin To Net: NetName=GND Pin=U1-4
Added Pin To Net: NetName=GND Pin=U1-5
Added Pin To Net: NetName=VSYS Pin=U1-6
Added Pin To Net: NetName=NetR1_1 Pin=U1-7
Added Pin To Net: NetName=GND Pin=U1-8
Added Pin To Net: NetName=NetR2_1 Pin=U1-9
Added Pin To Net: NetName=VSYS Pin=U1-10
Added Pin To Net: NetName=VSYS Pin=U1-11
Added Pin To Net: NetName=NetR6_2 Pin=U1-12
Added Pin To Net: NetName=VBUS Pin=U1-13
Added Pin To Net: NetName=NetR7_2 Pin=U1-14
Added Pin To Net: NetName=NetU1_15 Pin=U1-15
Added Pin To Net: NetName=NetR8_2 Pin=U1-16
Added Pin To Net: NetName=GND Pin=U1-17
Added Pin To Net: NetName=GND Pin=U3-1
Added Pin To Net: NetName=VBAT Pin=U3-2
Added Pin To Net: NetName=VBAT Pin=U3-3
Added Pin To Net: NetName=GND Pin=U3-4
Added Pin To Net: NetName=NetU3_5 Pin=U3-5
Added Pin To Net: NetName=GND Pin=U3-6
Added Pin To Net: NetName=NetU3_7 Pin=U3-7
Added Pin To Net: NetName=NetU3_8 Pin=U3-8
Added Pin To Net: NetName=GND Pin=U3-9
Add Class Member: Failed to add class member : Component C1 1 µF
Add Class Member: Failed to add class member : Component C2 4.7 µF
Add Class Member: Failed to add class member : Component C3 4.7 µF
Add Class Member: Failed to add class member : Component C4 0.1 µF
Add Class Member: Failed to add class member : Component C5 1 µF
Add Class Member: Failed to add class member : Component C6 1 µF
Add Class Member: Failed to add class member : Component C7 0.1 µF
Add Class Member: Failed to add class member : Component D1 USBLC6-2P6
Added Member To Class: ClassName=U_USB_&_Power Member=Component J1 CSP-USC16-TR
Add Class Member: Failed to add class member : Component J2 S2B-PH-K-S
Add Class Member: Failed to add class member : Component R1 4.7 kO
Add Class Member: Failed to add class member : Component R2 4.7 kO
Add Class Member: Failed to add class member : Component R3 5.1 kO
Add Class Member: Failed to add class member : Component R4 5.1 kO
Add Class Member: Failed to add class member : Component R5 10 kO
Add Class Member: Failed to add class member : Component R6 3 kO
Add Class Member: Failed to add class member : Component R7 47 kO
Add Class Member: Failed to add class member : Component R8 1.78 kO
Add Class Member: Failed to add class member : Component TP1 BQ Out
Add Class Member: Failed to add class member : Component TP2 BQ Out
Add Class Member: Failed to add class member : Component TP3 BQ Out
Add Class Member: Failed to add class member : Component TP4 BQ Out
Add Class Member: Failed to add class member : Component TP5 BQ Out
Added Member To Class: ClassName=U_USB_&_Power Member=Component U1 BQ24075RGTR
Added Member To Class: ClassName=U_USB_&_Power Member=Component U3 MAX17048G+
