Add Component: Footprint Not Found CAP 0603_1608
Add Component: Footprint Not Found FP-C0603C-CF-MFG
Add Component: Footprint Not Found SOT95P240X115-3N
Add Component: Footprint Not Found SOT95P240X115-3N
Add Component: Footprint Not Found RES 0603_1608
Add Component: Footprint Not Found RES 0603_1608
Add Component: Footprint Not Found RES 0603_1608
Add Component: Footprint Not Found RES 0603_1608
Add Component: Footprint Not Found RES 0603_1608
Add Component: Footprint Not Found RES 0603_1608
Add Component: Footprint Not Found RES 0603_1608
Add Pin To Net: Unknown Pin: Pin C9-1
Add Pin To Net: Unknown Pin: Pin C9-2
Add Pin To Net: Unknown Pin: Pin C10-1
Add Pin To Net: Unknown Pin: Pin C10-2
Add Pin To Net: Unknown Pin: Pin Q1-1
Add Pin To Net: Unknown Pin: Pin Q1-2
Add Pin To Net: Unknown Pin: Pin Q1-3
Add Pin To Net: Unknown Pin: Pin Q2-1
Add Pin To Net: Unknown Pin: Pin Q2-2
Add Pin To Net: Unknown Pin: Pin Q2-3
Add Pin To Net: Unknown Pin: Pin R19-1
Add Pin To Net: Unknown Pin: Pin R19-2
Add Pin To Net: Unknown Pin: Pin R20-1
Add Pin To Net: Unknown Pin: Pin R20-2
Add Pin To Net: Unknown Pin: Pin R21-1
Add Pin To Net: Unknown Pin: Pin R21-2
Add Pin To Net: Unknown Pin: Pin R22-1
Add Pin To Net: Unknown Pin: Pin R22-2
Add Pin To Net: Unknown Pin: Pin R23-1
Add Pin To Net: Unknown Pin: Pin R23-2
Add Pin To Net: Unknown Pin: Pin R24-1
Add Pin To Net: Unknown Pin: Pin R24-2
Add Pin To Net: Unknown Pin: Pin R25-1
Add Pin To Net: Unknown Pin: Pin R25-2
Add Class Member: Failed to add class member : Component C9 1µF
Add Class Member: Failed to add class member : Component C10 0.1µF
Add Class Member: Failed to add class member : Component Q1 S8050
Add Class Member: Failed to add class member : Component Q2 S8050
Add Class Member: Failed to add class member : Component R19 12k
Add Class Member: Failed to add class member : Component R20 12k
Add Class Member: Failed to add class member : Component R21 470
Add Class Member: Failed to add class member : Component R22 470
Add Class Member: Failed to add class member : Component R23 470
Add Class Member: Failed to add class member : Component R24 12k
Add Class Member: Failed to add class member : Component R25 12k
