Removed Pin From Net: NetName=IO2 Pin=R2-1
Removed Pin From Net: NetName=SDA Pin=R9-1
Removed Pin From Net: NetName=SCL Pin=R10-1
Removed Pin From Net: NetName=IO2 Pin=U1-9
Removed Pin From Net: NetName=NetU1_15 Pin=U4-14
Removed Pin From Net: NetName=NetR1_1 Pin=U4-26
Removed Pin From Net: NetName=NetU3_5 Pin=U4-29
Removed Pin From Net: NetName=SCL Pin=U4-36
Removed Pin From Net: NetName=SDA Pin=U4-37
Added Pin To Net: NetName=SCL Pin=R11-1
Added Pin To Net: NetName=SDA Pin=R16-1
Added Pin To Net: NetName=SCL Pin=U4-6
Added Pin To Net: NetName=SDA Pin=U4-9
Added Pin To Net: NetName=NetR1_1 Pin=U4-23
Added Pin To Net: NetName=NetU3_5 Pin=U4-26
Added Pin To Net: NetName=NetU1_15 Pin=U4-27
Added Pin To Net: NetName=Btn_1 Pin=J2-1
Added Pin To Net: NetName=Btn_1 Pin=R12-1
Added Pin To Net: NetName=Btn_1 Pin=U4-5
Added Net: Name=Btn_1
Added Pin To Net: NetName=Btn_2 Pin=J2-2
Added Pin To Net: NetName=Btn_2 Pin=R14-1
Added Pin To Net: NetName=Btn_2 Pin=U4-7
Added Net: Name=Btn_2
Added Pin To Net: NetName=Btn_3 Pin=J2-3
Added Pin To Net: NetName=Btn_3 Pin=R17-1
Added Pin To Net: NetName=Btn_3 Pin=U4-8
Added Net: Name=Btn_3
Added Pin To Net: NetName=Btn_4 Pin=J2-4
Added Pin To Net: NetName=Btn_4 Pin=R10-1
Added Pin To Net: NetName=Btn_4 Pin=U4-10
Added Net: Name=Btn_4
Added Pin To Net: NetName=Btn_5 Pin=J2-5
Added Pin To Net: NetName=Btn_5 Pin=R18-1
Added Pin To Net: NetName=Btn_5 Pin=U4-12
Added Net: Name=Btn_5
Added Pin To Net: NetName=Btn_6 Pin=J2-6
Added Pin To Net: NetName=Btn_6 Pin=R15-1
Added Pin To Net: NetName=Btn_6 Pin=U4-14
Added Net: Name=Btn_6
Added Pin To Net: NetName=Btn_7 Pin=J2-7
Added Pin To Net: NetName=Btn_7 Pin=R13-1
Added Pin To Net: NetName=Btn_7 Pin=U4-13
Added Net: Name=Btn_7
Added Pin To Net: NetName=Btn_8 Pin=J2-8
Added Pin To Net: NetName=Btn_8 Pin=R9-1
Added Pin To Net: NetName=Btn_8 Pin=U4-11
Added Net: Name=Btn_8
Added Pin To Net: NetName=NetR2_1 Pin=R2-1
Added Pin To Net: NetName=NetR2_1 Pin=U1-9
Added Pin To Net: NetName=NetR2_1 Pin=U4-16
Added Net: Name=NetR2_1
