Change Physical Footprint: Designator=BT1 Old Footprint=BH-18650-B1BA002 New Footprint=BH-18650-B1BA002
Change Physical Footprint: Designator=C1 Old Footprint=CAP 0603_1608 New Footprint=CAP 0603_1608
Change Physical Footprint: Designator=C2 Old Footprint=CAP 0603_1608 New Footprint=CAP 0603_1608
Change Physical Footprint: Designator=C3 Old Footprint=CAP 0603_1608 New Footprint=CAP 0603_1608
Change Physical Footprint: Designator=C4 Old Footprint=CAP 0603_1608 New Footprint=CAP 0603_1608
Change Physical Footprint: Designator=C5 Old Footprint=CAP 0603_1608 New Footprint=CAP 0603_1608
Change Physical Footprint: Designator=C6 Old Footprint=CAP 0603_1608 New Footprint=CAP 0603_1608
Change Physical Footprint: Designator=C7 Old Footprint=CAP 0603_1608 New Footprint=CAP 0603_1608
Change Physical Footprint: Designator=C8 Old Footprint=CAP 0603_1608 New Footprint=CAP 0603_1608
Change Physical Footprint: Designator=C9 Old Footprint=CAP 0603_1608 New Footprint=CAP 0603_1608
Change Physical Footprint: Designator=C10 Old Footprint=CAP 0603_1608 New Footprint=CAP 0603_1608
Change Physical Footprint: Designator=C11 Old Footprint=CAP 0603_1608 New Footprint=CAP 0603_1608
Change Physical Footprint: Designator=D1 Old Footprint=SOT95P280X145-6N New Footprint=SOT95P280X145-6N
Change Physical Footprint: Designator=J1 Old Footprint=USB-TYPE-C-017 New Footprint=USB-TYPE-C-017
Change Physical Footprint: Designator=J2 Old Footprint=PINOUT New Footprint=PINOUT
Change Physical Footprint: Designator=ON Old Footprint=LED 0603_1608 BLUE New Footprint=LED 0603_1608 BLUE
Change Physical Footprint: Designator=Q1 Old Footprint=SOT95P240X115-3N New Footprint=SOT95P240X115-3N
Change Physical Footprint: Designator=Q2 Old Footprint=SOT95P240X115-3N New Footprint=SOT95P240X115-3N
Change Physical Footprint: Designator=R1 Old Footprint=RES 0603_1608 New Footprint=RES 0603_1608
Change Physical Footprint: Designator=R2 Old Footprint=RES 0603_1608 New Footprint=RES 0603_1608
Change Physical Footprint: Designator=R3 Old Footprint=RES 0603_1608 New Footprint=RES 0603_1608
Change Physical Footprint: Designator=R4 Old Footprint=RES 0603_1608 New Footprint=RES 0603_1608
Change Physical Footprint: Designator=R5 Old Footprint=RES 0603_1608 New Footprint=RES 0603_1608
Change Physical Footprint: Designator=R6 Old Footprint=RES 0603_1608 New Footprint=RES 0603_1608
Change Physical Footprint: Designator=R7 Old Footprint=RES 0603_1608 New Footprint=RES 0603_1608
Change Physical Footprint: Designator=R8 Old Footprint=RES 0603_1608 New Footprint=RES 0603_1608
Change Physical Footprint: Designator=R9 Old Footprint=RES 0603_1608 New Footprint=RES 0603_1608
Change Physical Footprint: Designator=R10 Old Footprint=RES 0603_1608 New Footprint=RES 0603_1608
Change Physical Footprint: Designator=R11 Old Footprint=RES 0603_1608 New Footprint=RES 0603_1608
Change Physical Footprint: Designator=R12 Old Footprint=RES 0603_1608 New Footprint=RES 0603_1608
Change Physical Footprint: Designator=R13 Old Footprint=RES 0603_1608 New Footprint=RES 0603_1608
Change Physical Footprint: Designator=R14 Old Footprint=RES 0603_1608 New Footprint=RES 0603_1608
Change Physical Footprint: Designator=R15 Old Footprint=RES 0603_1608 New Footprint=RES 0603_1608
Change Physical Footprint: Designator=R16 Old Footprint=RES 0603_1608 New Footprint=RES 0603_1608
Change Physical Footprint: Designator=R17 Old Footprint=RES 0603_1608 New Footprint=RES 0603_1608
Change Physical Footprint: Designator=R18 Old Footprint=RES 0603_1608 New Footprint=RES 0603_1608
Change Physical Footprint: Designator=R19 Old Footprint=RES 0603_1608 New Footprint=RES 0603_1608
Change Physical Footprint: Designator=R20 Old Footprint=RES 0603_1608 New Footprint=RES 0603_1608
Change Physical Footprint: Designator=R21 Old Footprint=RES 0603_1608 New Footprint=RES 0603_1608
Change Physical Footprint: Designator=R22 Old Footprint=RES 0603_1608 New Footprint=RES 0603_1608
Change Physical Footprint: Designator=R23 Old Footprint=RES 0603_1608 New Footprint=RES 0603_1608
Change Physical Footprint: Designator=R24 Old Footprint=RES 0603_1608 New Footprint=RES 0603_1608
Change Physical Footprint: Designator=R25 Old Footprint=RES 0603_1608 New Footprint=RES 0603_1608
Change Physical Footprint: Designator=TBP1 Old Footprint=Tweezer-bridgeable Pads New Footprint=Tweezer-bridgeable Pads
Change Physical Footprint: Designator=TBP2 Old Footprint=Tweezer-bridgeable Pads New Footprint=Tweezer-bridgeable Pads
Change Physical Footprint: Designator=TP1 Old Footprint=TestPoint New Footprint=TestPoint
Change Physical Footprint: Designator=TP2 Old Footprint=TestPoint New Footprint=TestPoint
Change Physical Footprint: Designator=TP3 Old Footprint=TestPoint New Footprint=TestPoint
Change Physical Footprint: Designator=TP4 Old Footprint=TestPoint New Footprint=TestPoint
Change Physical Footprint: Designator=TP5 Old Footprint=TestPoint New Footprint=TestPoint
Change Physical Footprint: Designator=TP6 Old Footprint=TestPoint New Footprint=TestPoint
Change Physical Footprint: Designator=TP7 Old Footprint=TestPoint New Footprint=TestPoint
Change Physical Footprint: Designator=U1 Old Footprint=QFN50P300X300X100-17N New Footprint=QFN50P300X300X100-17N
Change Physical Footprint: Designator=U2 Old Footprint=SOT95P270X145-5N New Footprint=SOT95P270X145-5N
Change Physical Footprint: Designator=U3 Old Footprint=SON50P200X200X80-9N New Footprint=SON50P200X200X80-9N
Change Physical Footprint: Designator=U4 Old Footprint=XCVR_ESP32-WROOM-32E_(16MB) New Footprint=XCVR_ESP32-WROOM-32E_(16MB)
Change Physical Footprint: Designator=U5 Old Footprint=SOIC127P600X180-16N New Footprint=SOIC127P600X180-16N
